2014-12-11 05:42:29,035 - __main__ - INFO - 79242 - 140427380967168 - read_events - Start to load the events from folder.
2014-12-11 05:42:29,036 - __main__ - INFO - 79242 - 140427380967168 - read_events - Processing file /home/tskatom/workspace/icews_data_labeled/events.2012.json.
2014-12-11 05:43:47,596 - __main__ - INFO - 79242 - 140427380967168 - read_events - Processing file /home/tskatom/workspace/icews_data_labeled/events.2013.json.
2014-12-11 05:45:06,907 - __main__ - INFO - 79242 - 140427380967168 - read_events - Processing file /home/tskatom/workspace/icews_data_labeled/events.20140714073501.Release196.json.
2014-12-11 05:45:08,291 - __main__ - INFO - 79242 - 140427380967168 - read_events - Processing file /home/tskatom/workspace/icews_data_labeled/events.20140721073501.Release197.json.
2014-12-11 05:45:10,059 - __main__ - INFO - 79242 - 140427380967168 - read_events - Processing file /home/tskatom/workspace/icews_data_labeled/events.20140728073501.Release198.json.
2014-12-11 05:45:11,724 - __main__ - INFO - 79242 - 140427380967168 - read_events - Processing file /home/tskatom/workspace/icews_data_labeled/events.20140804073502.Release199.json.
2014-12-11 05:45:13,086 - __main__ - INFO - 79242 - 140427380967168 - read_events - Processing file /home/tskatom/workspace/icews_data_labeled/events.20140811174550.Release200.json.
2014-12-11 05:45:14,813 - __main__ - INFO - 79242 - 140427380967168 - read_events - Processing file /home/tskatom/workspace/icews_data_labeled/events.20140818073501.Release201.json.
2014-12-11 05:45:15,781 - __main__ - INFO - 79242 - 140427380967168 - read_events - Processing file /home/tskatom/workspace/icews_data_labeled/events.20140825073501.Release202.json.
2014-12-11 05:45:16,585 - __main__ - INFO - 79242 - 140427380967168 - read_events - Processing file /home/tskatom/workspace/icews_data_labeled/events.20140901073501.Release203.json.
2014-12-11 05:45:18,956 - __main__ - INFO - 79242 - 140427380967168 - read_events - Processing file /home/tskatom/workspace/icews_data_labeled/events.20140908073502.Release204.json.
2014-12-11 05:45:20,933 - __main__ - INFO - 79242 - 140427380967168 - read_events - Processing file /home/tskatom/workspace/icews_data_labeled/events.20140915073502.Release205.json.
2014-12-11 05:45:22,763 - __main__ - INFO - 79242 - 140427380967168 - read_events - Processing file /home/tskatom/workspace/icews_data_labeled/events.20140922073501.Release206.json.
2014-12-11 05:45:24,426 - __main__ - INFO - 79242 - 140427380967168 - read_events - Processing file /home/tskatom/workspace/icews_data_labeled/events.20140929073502.Release207.json.
2014-12-11 05:45:26,187 - __main__ - INFO - 79242 - 140427380967168 - read_events - Processing file /home/tskatom/workspace/icews_data_labeled/events.20141006113543.Release208.json.
2014-12-11 05:45:27,642 - __main__ - INFO - 79242 - 140427380967168 - read_events - Processing file /home/tskatom/workspace/icews_data_labeled/events.20141013073502.Release209.json.
2014-12-11 05:45:29,037 - __main__ - INFO - 79242 - 140427380967168 - read_events - Processing file /home/tskatom/workspace/icews_data_labeled/events.20141020073501.Release210.json.
2014-12-11 05:45:30,663 - __main__ - INFO - 79242 - 140427380967168 - read_events - Processing file /home/tskatom/workspace/icews_data_labeled/events.20141027073501.Release211.json.
2014-12-11 05:45:32,123 - __main__ - INFO - 79242 - 140427380967168 - read_events - Processing file /home/tskatom/workspace/icews_data_labeled/events.20141103073501.Release212.json.
2014-12-11 05:45:33,783 - __main__ - INFO - 79242 - 140427380967168 - read_events - Processing file /home/tskatom/workspace/icews_data_labeled/events.20141110073501.Release213.json.
2014-12-11 05:45:35,373 - __main__ - INFO - 79242 - 140427380967168 - read_events - Processing file /home/tskatom/workspace/icews_data_labeled/events.20141117073501.Release214.json.
2014-12-11 05:45:37,170 - __main__ - INFO - 79242 - 140427380967168 - read_events - Processing file /home/tskatom/workspace/icews_data_labeled/events.20141124073501.Release215.json.
2014-12-11 05:45:39,179 - __main__ - INFO - 79242 - 140427380967168 - read_events - Processing file /home/tskatom/workspace/icews_data_labeled/events.20141201073501.Release216.json.
2014-12-11 05:45:40,784 - __main__ - INFO - 79242 - 140427380967168 - read_events - Processing file /home/tskatom/workspace/icews_data_labeled/events.20141208093602.Release217.json.
2014-12-11 05:45:42,450 - __main__ - INFO - 79242 - 140427380967168 - read_events - Processing file /home/tskatom/workspace/icews_data_labeled/events.2014.json.
2014-12-11 05:46:22,834 - __main__ - INFO - 79242 - 140427380967168 - write_out - Write out the result to folder ../../data/features/ICEWS/count/217
2014-12-11 05:46:25,836 - __main__ - INFO - 79242 - 140427380967168 - write_out_events - Write the ICEWS GSR events to folder ../../data/features/ICEWS/count_events/217.
