2014-12-10 08:20:28,683 - __main__                               - INFO - Starting Log
2014-12-10 08:20:28,688 - __main__                               - INFO - Pricessing Brazil
2014-12-10 08:20:34,766 - __main__                               - INFO - Pricessing Mexico_City
2014-12-10 08:20:34,767 - __main__                               - INFO - Pricessing Caracas
2014-12-10 08:20:34,767 - __main__                               - INFO - Pricessing San_Salvador
2014-12-10 08:20:34,767 - __main__                               - INFO - Pricessing Tripoli
2014-12-10 08:20:34,767 - __main__                               - INFO - Pricessing Manama
2014-12-10 08:20:34,767 - __main__                               - INFO - Pricessing Amman
2014-12-10 08:20:34,767 - __main__                               - INFO - Pricessing Damascus
2014-12-10 08:20:34,767 - __main__                               - INFO - Pricessing Argentina
2014-12-10 08:20:36,231 - __main__                               - INFO - Pricessing Venezuela
2014-12-10 08:20:37,141 - __main__                               - INFO - Pricessing Montevideo
2014-12-10 08:20:37,142 - __main__                               - INFO - Pricessing Bahrain
2014-12-10 08:20:38,022 - __main__                               - INFO - Pricessing Santiago
2014-12-10 08:20:38,022 - __main__                               - INFO - Pricessing Quito
2014-12-10 08:20:38,022 - __main__                               - INFO - Pricessing El_Salvador
2014-12-10 08:20:38,022 - __main__                               - INFO - Pricessing Buenos_Aires
2014-12-10 08:20:38,022 - __main__                               - INFO - Pricessing Baghdad
2014-12-10 08:20:38,022 - __main__                               - INFO - Pricessing Jordan
2014-12-10 08:20:38,780 - __main__                               - INFO - Pricessing Ecuador
2014-12-10 08:20:38,937 - __main__                               - INFO - Pricessing Chile
2014-12-10 08:20:39,333 - __main__                               - INFO - Pricessing Asuncion
2014-12-10 08:20:39,333 - __main__                               - INFO - Pricessing Iraq
2014-12-10 08:20:41,567 - __main__                               - INFO - Pricessing Libya
2014-12-10 08:20:42,788 - __main__                               - INFO - Pricessing Saudi_Arabia
2014-12-10 08:20:42,788 - __main__                               - INFO - Pricessing Uruguay
2014-12-10 08:20:42,867 - __main__                               - INFO - Pricessing Syria
2014-12-10 08:20:45,301 - __main__                               - INFO - Pricessing Distrito_Federal
2014-12-10 08:20:45,301 - __main__                               - INFO - Pricessing Mexico
2014-12-10 08:20:48,072 - __main__                               - INFO - Pricessing Egypt
2014-12-10 08:20:54,839 - __main__                               - INFO - Pricessing Cairo
2014-12-10 08:20:54,840 - __main__                               - INFO - Pricessing Riyadh
2014-12-10 08:20:54,840 - __main__                               - INFO - Pricessing Bogota
2014-12-10 08:20:54,840 - __main__                               - INFO - Pricessing Colombia
2014-12-10 08:20:55,845 - __main__                               - INFO - Pricessing Paraguay
2014-12-10 08:20:55,924 - __main__                               - DEBUG - [(u'arrest', 9678), (u'say', 6895), (u'detain', 2766), (u'sentence', 2206), (u'kill', 2050), (u'suspect', 1611), (u'report', 1551), (u'accuse', 1142), (u'take', 1005), (u'include', 1004), (u'allege', 967), (u'call', 933), (u'follow', 867), (u'seize', 845), (u'hold', 731), (u'carry', 697), (u'try', 669), (u'tear', 658), (u'capture', 637), (u'tell', 632)]
